2025-01-04 04:30:04,939 - INFO - Starting Spark job for silver to gold layer aggregation.
2025-01-04 04:30:11,746 - INFO - Data loaded from silver layer.
2025-01-04 04:30:12,245 - INFO - News data aggregated.
2025-01-04 04:30:12,362 - INFO - YFinance data aggregated.
2025-01-04 04:30:12,549 - INFO - Connected to Cassandra.
2025-01-04 04:30:18,445 - INFO - Aggregated news data inserted into Cassandra.
2025-01-04 04:30:35,213 - INFO - Aggregated keywords data inserted into Cassandra.
2025-01-04 04:30:41,362 - INFO - Aggregated YFinance data inserted into Cassandra.
2025-01-04 04:30:42,558 - INFO - Spark session stopped.
2025-01-04 08:30:05,455 - INFO - Starting Spark job for silver to gold layer aggregation.
2025-01-04 08:30:13,870 - INFO - Data loaded from silver layer.
2025-01-04 08:30:14,542 - INFO - News data aggregated.
2025-01-04 08:30:14,646 - INFO - YFinance data aggregated.
2025-01-04 08:30:14,778 - INFO - Connected to Cassandra.
2025-01-04 08:30:21,245 - INFO - Aggregated news data inserted into Cassandra.
2025-01-04 08:30:36,362 - INFO - Aggregated keywords data inserted into Cassandra.
2025-01-04 08:30:41,131 - INFO - Aggregated YFinance data inserted into Cassandra.
2025-01-04 08:30:42,089 - INFO - Spark session stopped.
2025-01-04 12:30:05,668 - INFO - Starting Spark job for silver to gold layer aggregation.
2025-01-04 12:30:12,365 - INFO - Data loaded from silver layer.
2025-01-04 12:30:12,742 - INFO - News data aggregated.
2025-01-04 12:30:12,862 - INFO - YFinance data aggregated.
2025-01-04 12:30:12,938 - INFO - Connected to Cassandra.
2025-01-04 12:30:19,392 - INFO - Aggregated news data inserted into Cassandra.
2025-01-04 12:30:32,843 - INFO - Aggregated keywords data inserted into Cassandra.
2025-01-04 12:30:37,301 - INFO - Aggregated YFinance data inserted into Cassandra.
2025-01-04 12:30:38,215 - INFO - Spark session stopped.
2025-01-04 16:30:04,681 - INFO - Starting Spark job for silver to gold layer aggregation.
2025-01-04 16:30:11,655 - INFO - Data loaded from silver layer.
2025-01-04 16:30:12,168 - INFO - News data aggregated.
2025-01-04 16:30:12,267 - INFO - YFinance data aggregated.
2025-01-04 16:30:12,474 - INFO - Connected to Cassandra.
2025-01-04 16:30:18,964 - INFO - Aggregated news data inserted into Cassandra.
2025-01-04 16:30:27,201 - INFO - Aggregated keywords data inserted into Cassandra.
2025-01-04 16:30:30,017 - INFO - Aggregated YFinance data inserted into Cassandra.
2025-01-04 16:30:31,240 - INFO - Spark session stopped.
2025-01-04 20:30:05,908 - INFO - Starting Spark job for silver to gold layer aggregation.
2025-01-04 20:30:13,996 - INFO - Data loaded from silver layer.
2025-01-04 20:30:14,443 - INFO - News data aggregated.
2025-01-04 20:30:14,511 - INFO - YFinance data aggregated.
2025-01-04 20:30:14,621 - INFO - Connected to Cassandra.
2025-01-04 20:30:21,877 - INFO - Aggregated news data inserted into Cassandra.
2025-01-04 20:30:31,980 - INFO - Aggregated keywords data inserted into Cassandra.
2025-01-04 20:30:35,320 - INFO - Aggregated YFinance data inserted into Cassandra.
2025-01-04 20:30:35,862 - INFO - Spark session stopped.
2025-01-05 00:30:04,251 - INFO - Starting Spark job for silver to gold layer aggregation.
2025-01-05 00:30:12,470 - INFO - Data loaded from silver layer.
2025-01-05 00:30:12,944 - INFO - News data aggregated.
2025-01-05 00:30:13,104 - INFO - YFinance data aggregated.
2025-01-05 00:30:13,231 - INFO - Connected to Cassandra.
2025-01-05 00:30:20,297 - INFO - Aggregated news data inserted into Cassandra.
2025-01-05 00:30:32,335 - INFO - Aggregated keywords data inserted into Cassandra.
2025-01-05 00:30:37,756 - INFO - Aggregated YFinance data inserted into Cassandra.
2025-01-05 00:30:38,257 - INFO - Spark session stopped.
2025-01-05 12:30:05,607 - INFO - Starting Spark job for silver to gold layer aggregation.
2025-01-05 12:30:12,112 - INFO - Data loaded from silver layer.
2025-01-05 12:30:12,331 - INFO - News data aggregated.
2025-01-05 12:30:12,440 - INFO - YFinance data aggregated.
2025-01-05 12:30:12,619 - INFO - Connected to Cassandra.
2025-01-05 12:30:18,226 - INFO - Aggregated news data inserted into Cassandra.
2025-01-05 12:30:31,302 - INFO - Aggregated keywords data inserted into Cassandra.
2025-01-05 12:30:33,526 - INFO - Aggregated YFinance data inserted into Cassandra.
2025-01-05 12:30:34,441 - INFO - Spark session stopped.
2025-01-05 16:30:06,650 - INFO - Starting Spark job for silver to gold layer aggregation.
2025-01-05 16:30:14,610 - INFO - Data loaded from silver layer.
2025-01-05 16:30:14,898 - INFO - News data aggregated.
2025-01-05 16:30:15,024 - INFO - YFinance data aggregated.
2025-01-05 16:30:15,155 - INFO - Connected to Cassandra.
2025-01-05 16:30:20,120 - INFO - Aggregated news data inserted into Cassandra.
2025-01-05 16:30:37,227 - INFO - Aggregated keywords data inserted into Cassandra.
2025-01-05 16:30:39,677 - INFO - Aggregated YFinance data inserted into Cassandra.
2025-01-05 16:30:40,489 - INFO - Spark session stopped.
2025-01-05 20:30:06,126 - INFO - Starting Spark job for silver to gold layer aggregation.
2025-01-05 20:30:16,050 - INFO - Data loaded from silver layer.
2025-01-05 20:30:16,493 - INFO - News data aggregated.
2025-01-05 20:30:17,587 - INFO - YFinance data aggregated.
2025-01-05 20:30:18,251 - INFO - Connected to Cassandra.
2025-01-05 20:30:25,372 - INFO - Aggregated news data inserted into Cassandra.
2025-01-05 20:30:59,063 - INFO - Aggregated keywords data inserted into Cassandra.
2025-01-05 20:31:04,111 - INFO - Aggregated YFinance data inserted into Cassandra.
2025-01-05 20:31:05,191 - INFO - Spark session stopped.
2025-01-06 00:30:14,274 - INFO - Starting Spark job for silver to gold layer aggregation.
2025-01-06 00:30:49,831 - INFO - Data loaded from silver layer.
2025-01-06 00:30:51,350 - INFO - News data aggregated.
2025-01-06 00:30:52,201 - INFO - YFinance data aggregated.
2025-01-06 00:30:53,080 - INFO - Connected to Cassandra.
2025-01-06 00:31:19,607 - INFO - Aggregated news data inserted into Cassandra.
2025-01-06 00:34:01,797 - INFO - Aggregated keywords data inserted into Cassandra.
2025-01-06 00:34:14,951 - INFO - Aggregated YFinance data inserted into Cassandra.
2025-01-06 00:34:17,384 - INFO - Spark session stopped.
2025-01-06 04:30:44,457 - INFO - Starting Spark job for silver to gold layer aggregation.
2025-01-06 04:31:57,953 - INFO - Data loaded from silver layer.
2025-01-06 04:31:59,986 - INFO - News data aggregated.
2025-01-06 04:32:00,506 - INFO - YFinance data aggregated.
2025-01-06 04:32:01,029 - INFO - Connected to Cassandra.
2025-01-06 04:32:29,838 - INFO - Aggregated news data inserted into Cassandra.
2025-01-06 04:33:59,505 - INFO - Aggregated keywords data inserted into Cassandra.
2025-01-06 04:34:09,995 - INFO - Aggregated YFinance data inserted into Cassandra.
2025-01-06 04:34:11,416 - INFO - Spark session stopped.
2025-01-06 08:30:20,727 - INFO - Starting Spark job for silver to gold layer aggregation.
2025-01-06 08:30:53,434 - INFO - Data loaded from silver layer.
2025-01-06 08:30:54,485 - INFO - News data aggregated.
2025-01-06 08:30:54,698 - INFO - YFinance data aggregated.
2025-01-06 08:30:55,237 - INFO - Connected to Cassandra.
2025-01-06 08:31:15,547 - INFO - Aggregated news data inserted into Cassandra.
2025-01-06 08:32:24,462 - INFO - Aggregated keywords data inserted into Cassandra.
2025-01-06 08:32:33,092 - INFO - Aggregated YFinance data inserted into Cassandra.
2025-01-06 08:32:34,449 - INFO - Spark session stopped.
2025-01-06 12:30:21,919 - INFO - Starting Spark job for silver to gold layer aggregation.
2025-01-06 12:30:56,933 - INFO - Data loaded from silver layer.
2025-01-06 12:30:58,468 - INFO - News data aggregated.
2025-01-06 12:30:59,104 - INFO - YFinance data aggregated.
2025-01-06 12:30:59,609 - INFO - Connected to Cassandra.
2025-01-06 12:31:16,128 - INFO - Aggregated news data inserted into Cassandra.
2025-01-06 12:32:32,744 - INFO - Aggregated keywords data inserted into Cassandra.
2025-01-06 12:32:44,031 - INFO - Aggregated YFinance data inserted into Cassandra.
2025-01-06 12:32:45,651 - INFO - Spark session stopped.
2025-01-06 16:30:20,730 - INFO - Starting Spark job for silver to gold layer aggregation.
2025-01-06 16:31:00,378 - INFO - Data loaded from silver layer.
2025-01-06 16:31:02,210 - INFO - News data aggregated.
2025-01-06 16:31:03,031 - INFO - YFinance data aggregated.
2025-01-06 16:31:03,495 - INFO - Connected to Cassandra.
2025-01-06 16:31:23,629 - INFO - Aggregated news data inserted into Cassandra.
2025-01-06 16:33:04,397 - INFO - Aggregated keywords data inserted into Cassandra.
2025-01-06 16:33:13,621 - INFO - Aggregated YFinance data inserted into Cassandra.
2025-01-06 16:33:15,309 - INFO - Spark session stopped.
2025-01-06 20:30:23,030 - INFO - Starting Spark job for silver to gold layer aggregation.
2025-01-06 20:30:54,342 - INFO - Data loaded from silver layer.
2025-01-06 20:30:56,138 - INFO - News data aggregated.
2025-01-06 20:30:56,959 - INFO - YFinance data aggregated.
2025-01-06 20:30:57,401 - INFO - Connected to Cassandra.
2025-01-06 20:31:19,575 - INFO - Aggregated news data inserted into Cassandra.
2025-01-06 20:33:48,671 - INFO - Aggregated keywords data inserted into Cassandra.
2025-01-06 20:33:58,109 - INFO - Aggregated YFinance data inserted into Cassandra.
2025-01-06 20:33:59,415 - INFO - Spark session stopped.
2025-01-07 00:30:35,050 - INFO - Starting Spark job for silver to gold layer aggregation.
2025-01-07 00:31:36,901 - INFO - Data loaded from silver layer.
2025-01-07 00:31:38,836 - INFO - News data aggregated.
2025-01-07 00:31:39,488 - INFO - YFinance data aggregated.
2025-01-07 00:31:40,101 - INFO - Connected to Cassandra.
2025-01-07 00:32:07,247 - INFO - Aggregated news data inserted into Cassandra.
2025-01-07 00:34:36,551 - INFO - Aggregated keywords data inserted into Cassandra.
2025-01-07 00:34:47,975 - INFO - Aggregated YFinance data inserted into Cassandra.
2025-01-07 00:34:50,039 - INFO - Spark session stopped.
2025-01-07 04:30:18,633 - INFO - Starting Spark job for silver to gold layer aggregation.
2025-01-07 04:30:52,046 - INFO - Data loaded from silver layer.
2025-01-07 04:30:54,525 - INFO - News data aggregated.
2025-01-07 04:30:55,191 - INFO - YFinance data aggregated.
2025-01-07 04:30:55,797 - INFO - Connected to Cassandra.
2025-01-07 04:31:16,983 - INFO - Aggregated news data inserted into Cassandra.
2025-01-07 04:33:39,015 - INFO - Aggregated keywords data inserted into Cassandra.
2025-01-07 04:33:49,083 - INFO - Aggregated YFinance data inserted into Cassandra.
2025-01-07 04:33:50,688 - INFO - Spark session stopped.
2025-01-07 08:30:19,167 - INFO - Starting Spark job for silver to gold layer aggregation.
2025-01-07 08:30:50,926 - INFO - Data loaded from silver layer.
2025-01-07 08:30:52,752 - INFO - News data aggregated.
2025-01-07 08:30:53,732 - INFO - YFinance data aggregated.
2025-01-07 08:30:54,183 - INFO - Connected to Cassandra.
2025-01-07 08:31:16,734 - INFO - Aggregated news data inserted into Cassandra.
2025-01-07 08:33:38,685 - INFO - Aggregated keywords data inserted into Cassandra.
2025-01-07 08:33:48,293 - INFO - Aggregated YFinance data inserted into Cassandra.
2025-01-07 08:33:49,778 - INFO - Spark session stopped.
2025-01-07 12:30:21,185 - INFO - Starting Spark job for silver to gold layer aggregation.
2025-01-07 12:30:55,176 - INFO - Data loaded from silver layer.
2025-01-07 12:30:56,834 - INFO - News data aggregated.
2025-01-07 12:30:57,669 - INFO - YFinance data aggregated.
2025-01-07 12:30:58,286 - INFO - Connected to Cassandra.
2025-01-07 12:31:19,652 - INFO - Aggregated news data inserted into Cassandra.
2025-01-07 12:33:37,556 - INFO - Aggregated keywords data inserted into Cassandra.
2025-01-07 12:33:49,372 - INFO - Aggregated YFinance data inserted into Cassandra.
2025-01-07 12:33:51,558 - INFO - Spark session stopped.
2025-01-07 16:30:19,031 - INFO - Starting Spark job for silver to gold layer aggregation.
2025-01-07 16:30:54,102 - INFO - Data loaded from silver layer.
2025-01-07 16:30:55,802 - INFO - News data aggregated.
2025-01-07 16:30:56,551 - INFO - YFinance data aggregated.
2025-01-07 16:30:57,121 - INFO - Connected to Cassandra.
2025-01-07 16:31:18,033 - INFO - Aggregated news data inserted into Cassandra.
2025-01-07 16:33:42,959 - INFO - Aggregated keywords data inserted into Cassandra.
2025-01-07 16:33:54,905 - INFO - Aggregated YFinance data inserted into Cassandra.
2025-01-07 16:33:56,882 - INFO - Spark session stopped.
2025-01-07 20:30:37,091 - INFO - Starting Spark job for silver to gold layer aggregation.
2025-01-07 20:31:46,078 - INFO - Data loaded from silver layer.
2025-01-07 20:31:49,567 - INFO - News data aggregated.
2025-01-07 20:31:50,791 - INFO - YFinance data aggregated.
2025-01-07 20:31:51,851 - INFO - Connected to Cassandra.
2025-01-07 20:32:29,111 - INFO - Aggregated news data inserted into Cassandra.
2025-01-07 20:35:00,204 - INFO - Aggregated keywords data inserted into Cassandra.
2025-01-07 20:35:13,570 - INFO - Aggregated YFinance data inserted into Cassandra.
2025-01-07 20:35:15,692 - INFO - Spark session stopped.
2025-01-08 00:30:37,012 - INFO - Starting Spark job for silver to gold layer aggregation.
2025-01-08 00:31:42,320 - INFO - Data loaded from silver layer.
2025-01-08 00:31:45,209 - INFO - News data aggregated.
2025-01-08 00:31:46,249 - INFO - YFinance data aggregated.
2025-01-08 00:31:46,878 - INFO - Connected to Cassandra.
2025-01-08 00:32:24,181 - INFO - Aggregated news data inserted into Cassandra.
2025-01-08 00:34:12,740 - INFO - Aggregated keywords data inserted into Cassandra.
2025-01-08 00:34:30,140 - INFO - Aggregated YFinance data inserted into Cassandra.
2025-01-08 00:34:31,840 - INFO - Spark session stopped.
2025-01-08 00:51:35,952 - INFO - Starting Spark job for silver to gold layer aggregation.
2025-01-08 00:52:39,238 - INFO - Data loaded from silver layer.
2025-01-08 00:52:42,734 - INFO - News data aggregated.
2025-01-08 00:52:43,688 - INFO - YFinance data aggregated.
2025-01-08 00:52:44,264 - INFO - Connected to Cassandra.
2025-01-08 00:53:20,998 - INFO - Aggregated news data inserted into Cassandra.
2025-01-08 00:55:30,989 - INFO - Aggregated keywords data inserted into Cassandra.
2025-01-08 00:55:50,607 - INFO - Aggregated YFinance data inserted into Cassandra.
2025-01-08 00:55:52,321 - INFO - Spark session stopped.
2025-01-08 04:30:27,362 - INFO - Starting Spark job for silver to gold layer aggregation.
2025-01-08 04:31:30,782 - INFO - Data loaded from silver layer.
2025-01-08 04:31:33,144 - INFO - News data aggregated.
2025-01-08 04:31:33,736 - INFO - YFinance data aggregated.
2025-01-08 04:31:34,202 - INFO - Connected to Cassandra.
2025-01-08 04:32:08,371 - INFO - Aggregated news data inserted into Cassandra.
2025-01-08 04:33:55,356 - INFO - Aggregated keywords data inserted into Cassandra.
2025-01-08 04:34:13,407 - INFO - Aggregated YFinance data inserted into Cassandra.
2025-01-08 04:34:15,675 - INFO - Spark session stopped.
2025-01-08 08:30:27,853 - INFO - Starting Spark job for silver to gold layer aggregation.
2025-01-08 08:31:25,161 - INFO - Data loaded from silver layer.
2025-01-08 08:31:27,539 - INFO - News data aggregated.
2025-01-08 08:31:28,565 - INFO - YFinance data aggregated.
2025-01-08 08:31:29,000 - INFO - Connected to Cassandra.
2025-01-08 08:31:57,924 - INFO - Aggregated news data inserted into Cassandra.
2025-01-08 08:33:46,745 - INFO - Aggregated keywords data inserted into Cassandra.
2025-01-08 08:34:03,277 - INFO - Aggregated YFinance data inserted into Cassandra.
2025-01-08 08:34:05,395 - INFO - Spark session stopped.
2025-01-08 12:31:17,768 - INFO - Starting Spark job for silver to gold layer aggregation.
2025-01-08 12:33:54,994 - INFO - Data loaded from silver layer.
2025-01-08 12:33:59,964 - INFO - News data aggregated.
2025-01-08 12:34:01,972 - INFO - YFinance data aggregated.
2025-01-08 12:34:03,114 - INFO - Connected to Cassandra.
2025-01-08 12:34:53,740 - INFO - Aggregated news data inserted into Cassandra.
2025-01-08 12:38:43,095 - INFO - Aggregated keywords data inserted into Cassandra.
2025-01-08 12:39:11,328 - INFO - Aggregated YFinance data inserted into Cassandra.
2025-01-08 12:39:14,033 - INFO - Spark session stopped.
2025-01-08 16:31:31,037 - INFO - Starting Spark job for silver to gold layer aggregation.
2025-01-08 16:33:33,034 - INFO - Data loaded from silver layer.
2025-01-08 16:33:35,944 - INFO - News data aggregated.
2025-01-08 16:33:36,612 - INFO - YFinance data aggregated.
2025-01-08 16:33:37,203 - INFO - Connected to Cassandra.
2025-01-08 16:34:22,549 - INFO - Aggregated news data inserted into Cassandra.
2025-01-08 16:36:38,766 - INFO - Aggregated keywords data inserted into Cassandra.
2025-01-08 16:36:57,155 - INFO - Aggregated YFinance data inserted into Cassandra.
2025-01-08 16:36:59,119 - INFO - Spark session stopped.
2025-01-08 20:30:29,140 - INFO - Starting Spark job for silver to gold layer aggregation.
2025-01-08 20:31:15,508 - INFO - Data loaded from silver layer.
2025-01-08 20:31:17,884 - INFO - News data aggregated.
2025-01-08 20:31:18,724 - INFO - YFinance data aggregated.
2025-01-08 20:31:19,218 - INFO - Connected to Cassandra.
2025-01-08 20:31:48,510 - INFO - Aggregated news data inserted into Cassandra.
2025-01-08 20:33:43,579 - INFO - Aggregated keywords data inserted into Cassandra.
2025-01-08 20:33:58,270 - INFO - Aggregated YFinance data inserted into Cassandra.
2025-01-08 20:34:00,014 - INFO - Spark session stopped.
2025-01-09 00:30:12,769 - INFO - Starting Spark job for silver to gold layer aggregation.
2025-01-09 00:30:22,343 - ERROR - An error occurred: An error occurred while calling o28.parquet.
: java.net.ConnectException: Call From hadoop/127.0.1.1 to localhost:9000 failed on connection exception: java.net.ConnectException: Connection refused; For more details see:  http://wiki.apache.org/hadoop/ConnectionRefused
	at java.base/jdk.internal.reflect.NativeConstructorAccessorImpl.newInstance0(Native Method)
	at java.base/jdk.internal.reflect.NativeConstructorAccessorImpl.newInstance(NativeConstructorAccessorImpl.java:62)
	at java.base/jdk.internal.reflect.DelegatingConstructorAccessorImpl.newInstance(DelegatingConstructorAccessorImpl.java:45)
	at java.base/java.lang.reflect.Constructor.newInstance(Constructor.java:490)
	at org.apache.hadoop.net.NetUtils.wrapWithMessage(NetUtils.java:913)
	at org.apache.hadoop.net.NetUtils.wrapException(NetUtils.java:828)
	at org.apache.hadoop.ipc.Client.getRpcResponse(Client.java:1616)
	at org.apache.hadoop.ipc.Client.call(Client.java:1558)
	at org.apache.hadoop.ipc.Client.call(Client.java:1455)
	at org.apache.hadoop.ipc.ProtobufRpcEngine2$Invoker.invoke(ProtobufRpcEngine2.java:242)
	at org.apache.hadoop.ipc.ProtobufRpcEngine2$Invoker.invoke(ProtobufRpcEngine2.java:129)
	at com.sun.proxy.$Proxy35.getFileInfo(Unknown Source)
	at org.apache.hadoop.hdfs.protocolPB.ClientNamenodeProtocolTranslatorPB.getFileInfo(ClientNamenodeProtocolTranslatorPB.java:965)
	at java.base/jdk.internal.reflect.NativeMethodAccessorImpl.invoke0(Native Method)
	at java.base/jdk.internal.reflect.NativeMethodAccessorImpl.invoke(NativeMethodAccessorImpl.java:62)
	at java.base/jdk.internal.reflect.DelegatingMethodAccessorImpl.invoke(DelegatingMethodAccessorImpl.java:43)
	at java.base/java.lang.reflect.Method.invoke(Method.java:566)
	at org.apache.hadoop.io.retry.RetryInvocationHandler.invokeMethod(RetryInvocationHandler.java:422)
	at org.apache.hadoop.io.retry.RetryInvocationHandler$Call.invokeMethod(RetryInvocationHandler.java:165)
	at org.apache.hadoop.io.retry.RetryInvocationHandler$Call.invoke(RetryInvocationHandler.java:157)
	at org.apache.hadoop.io.retry.RetryInvocationHandler$Call.invokeOnce(RetryInvocationHandler.java:95)
	at org.apache.hadoop.io.retry.RetryInvocationHandler.invoke(RetryInvocationHandler.java:359)
	at com.sun.proxy.$Proxy36.getFileInfo(Unknown Source)
	at org.apache.hadoop.hdfs.DFSClient.getFileInfo(DFSClient.java:1739)
	at org.apache.hadoop.hdfs.DistributedFileSystem$29.doCall(DistributedFileSystem.java:1753)
	at org.apache.hadoop.hdfs.DistributedFileSystem$29.doCall(DistributedFileSystem.java:1750)
	at org.apache.hadoop.fs.FileSystemLinkResolver.resolve(FileSystemLinkResolver.java:81)
	at org.apache.hadoop.hdfs.DistributedFileSystem.getFileStatus(DistributedFileSystem.java:1765)
	at org.apache.hadoop.fs.FileSystem.exists(FileSystem.java:1760)
	at org.apache.spark.sql.execution.datasources.DataSource$.$anonfun$checkAndGlobPathIfNecessary$4(DataSource.scala:756)
	at org.apache.spark.sql.execution.datasources.DataSource$.$anonfun$checkAndGlobPathIfNecessary$4$adapted(DataSource.scala:754)
	at org.apache.spark.util.ThreadUtils$.$anonfun$parmap$2(ThreadUtils.scala:384)
	at scala.concurrent.Future$.$anonfun$apply$1(Future.scala:659)
	at scala.util.Success.$anonfun$map$1(Try.scala:255)
	at scala.util.Success.map(Try.scala:213)
	at scala.concurrent.Future.$anonfun$map$1(Future.scala:292)
	at scala.concurrent.impl.Promise.liftedTree1$1(Promise.scala:33)
	at scala.concurrent.impl.Promise.$anonfun$transform$1(Promise.scala:33)
	at scala.concurrent.impl.CallbackRunnable.run(Promise.scala:64)
	at java.base/java.util.concurrent.ForkJoinTask$RunnableExecuteAction.exec(ForkJoinTask.java:1426)
	at java.base/java.util.concurrent.ForkJoinTask.doExec(ForkJoinTask.java:290)
	at java.base/java.util.concurrent.ForkJoinPool$WorkQueue.topLevelExec(ForkJoinPool.java:1020)
	at java.base/java.util.concurrent.ForkJoinPool.scan(ForkJoinPool.java:1656)
	at java.base/java.util.concurrent.ForkJoinPool.runWorker(ForkJoinPool.java:1594)
	at java.base/java.util.concurrent.ForkJoinWorkerThread.run(ForkJoinWorkerThread.java:183)
Caused by: java.net.ConnectException: Connection refused
	at java.base/sun.nio.ch.SocketChannelImpl.checkConnect(Native Method)
	at java.base/sun.nio.ch.SocketChannelImpl.finishConnect(SocketChannelImpl.java:777)
	at org.apache.hadoop.net.SocketIOWithTimeout.connect(SocketIOWithTimeout.java:205)
	at org.apache.hadoop.net.NetUtils.connect(NetUtils.java:586)
	at org.apache.hadoop.ipc.Client$Connection.setupConnection(Client.java:711)
	at org.apache.hadoop.ipc.Client$Connection.setupIOstreams(Client.java:833)
	at org.apache.hadoop.ipc.Client$Connection.access$3800(Client.java:414)
	at org.apache.hadoop.ipc.Client.getConnection(Client.java:1677)
	at org.apache.hadoop.ipc.Client.call(Client.java:1502)
	... 37 more

2025-01-09 00:30:23,937 - INFO - Spark session stopped.
2025-01-09 04:30:09,054 - INFO - Starting Spark job for silver to gold layer aggregation.
2025-01-09 04:30:15,998 - ERROR - An error occurred: An error occurred while calling o28.parquet.
: java.net.ConnectException: Call From hadoop/127.0.1.1 to localhost:9000 failed on connection exception: java.net.ConnectException: Connection refused; For more details see:  http://wiki.apache.org/hadoop/ConnectionRefused
	at java.base/jdk.internal.reflect.NativeConstructorAccessorImpl.newInstance0(Native Method)
	at java.base/jdk.internal.reflect.NativeConstructorAccessorImpl.newInstance(NativeConstructorAccessorImpl.java:62)
	at java.base/jdk.internal.reflect.DelegatingConstructorAccessorImpl.newInstance(DelegatingConstructorAccessorImpl.java:45)
	at java.base/java.lang.reflect.Constructor.newInstance(Constructor.java:490)
	at org.apache.hadoop.net.NetUtils.wrapWithMessage(NetUtils.java:913)
	at org.apache.hadoop.net.NetUtils.wrapException(NetUtils.java:828)
	at org.apache.hadoop.ipc.Client.getRpcResponse(Client.java:1616)
	at org.apache.hadoop.ipc.Client.call(Client.java:1558)
	at org.apache.hadoop.ipc.Client.call(Client.java:1455)
	at org.apache.hadoop.ipc.ProtobufRpcEngine2$Invoker.invoke(ProtobufRpcEngine2.java:242)
	at org.apache.hadoop.ipc.ProtobufRpcEngine2$Invoker.invoke(ProtobufRpcEngine2.java:129)
	at com.sun.proxy.$Proxy35.getFileInfo(Unknown Source)
	at org.apache.hadoop.hdfs.protocolPB.ClientNamenodeProtocolTranslatorPB.getFileInfo(ClientNamenodeProtocolTranslatorPB.java:965)
	at java.base/jdk.internal.reflect.NativeMethodAccessorImpl.invoke0(Native Method)
	at java.base/jdk.internal.reflect.NativeMethodAccessorImpl.invoke(NativeMethodAccessorImpl.java:62)
	at java.base/jdk.internal.reflect.DelegatingMethodAccessorImpl.invoke(DelegatingMethodAccessorImpl.java:43)
	at java.base/java.lang.reflect.Method.invoke(Method.java:566)
	at org.apache.hadoop.io.retry.RetryInvocationHandler.invokeMethod(RetryInvocationHandler.java:422)
	at org.apache.hadoop.io.retry.RetryInvocationHandler$Call.invokeMethod(RetryInvocationHandler.java:165)
	at org.apache.hadoop.io.retry.RetryInvocationHandler$Call.invoke(RetryInvocationHandler.java:157)
	at org.apache.hadoop.io.retry.RetryInvocationHandler$Call.invokeOnce(RetryInvocationHandler.java:95)
	at org.apache.hadoop.io.retry.RetryInvocationHandler.invoke(RetryInvocationHandler.java:359)
	at com.sun.proxy.$Proxy36.getFileInfo(Unknown Source)
	at org.apache.hadoop.hdfs.DFSClient.getFileInfo(DFSClient.java:1739)
	at org.apache.hadoop.hdfs.DistributedFileSystem$29.doCall(DistributedFileSystem.java:1753)
	at org.apache.hadoop.hdfs.DistributedFileSystem$29.doCall(DistributedFileSystem.java:1750)
	at org.apache.hadoop.fs.FileSystemLinkResolver.resolve(FileSystemLinkResolver.java:81)
	at org.apache.hadoop.hdfs.DistributedFileSystem.getFileStatus(DistributedFileSystem.java:1765)
	at org.apache.hadoop.fs.FileSystem.exists(FileSystem.java:1760)
	at org.apache.spark.sql.execution.datasources.DataSource$.$anonfun$checkAndGlobPathIfNecessary$4(DataSource.scala:756)
	at org.apache.spark.sql.execution.datasources.DataSource$.$anonfun$checkAndGlobPathIfNecessary$4$adapted(DataSource.scala:754)
	at org.apache.spark.util.ThreadUtils$.$anonfun$parmap$2(ThreadUtils.scala:384)
	at scala.concurrent.Future$.$anonfun$apply$1(Future.scala:659)
	at scala.util.Success.$anonfun$map$1(Try.scala:255)
	at scala.util.Success.map(Try.scala:213)
	at scala.concurrent.Future.$anonfun$map$1(Future.scala:292)
	at scala.concurrent.impl.Promise.liftedTree1$1(Promise.scala:33)
	at scala.concurrent.impl.Promise.$anonfun$transform$1(Promise.scala:33)
	at scala.concurrent.impl.CallbackRunnable.run(Promise.scala:64)
	at java.base/java.util.concurrent.ForkJoinTask$RunnableExecuteAction.exec(ForkJoinTask.java:1426)
	at java.base/java.util.concurrent.ForkJoinTask.doExec(ForkJoinTask.java:290)
	at java.base/java.util.concurrent.ForkJoinPool$WorkQueue.topLevelExec(ForkJoinPool.java:1020)
	at java.base/java.util.concurrent.ForkJoinPool.scan(ForkJoinPool.java:1656)
	at java.base/java.util.concurrent.ForkJoinPool.runWorker(ForkJoinPool.java:1594)
	at java.base/java.util.concurrent.ForkJoinWorkerThread.run(ForkJoinWorkerThread.java:183)
Caused by: java.net.ConnectException: Connection refused
	at java.base/sun.nio.ch.SocketChannelImpl.checkConnect(Native Method)
	at java.base/sun.nio.ch.SocketChannelImpl.finishConnect(SocketChannelImpl.java:777)
	at org.apache.hadoop.net.SocketIOWithTimeout.connect(SocketIOWithTimeout.java:205)
	at org.apache.hadoop.net.NetUtils.connect(NetUtils.java:586)
	at org.apache.hadoop.ipc.Client$Connection.setupConnection(Client.java:711)
	at org.apache.hadoop.ipc.Client$Connection.setupIOstreams(Client.java:833)
	at org.apache.hadoop.ipc.Client$Connection.access$3800(Client.java:414)
	at org.apache.hadoop.ipc.Client.getConnection(Client.java:1677)
	at org.apache.hadoop.ipc.Client.call(Client.java:1502)
	... 37 more

2025-01-09 04:30:17,911 - INFO - Spark session stopped.
2025-01-09 08:30:11,020 - INFO - Starting Spark job for silver to gold layer aggregation.
2025-01-09 08:30:17,898 - ERROR - An error occurred: An error occurred while calling o28.parquet.
: java.net.ConnectException: Call From hadoop/127.0.1.1 to localhost:9000 failed on connection exception: java.net.ConnectException: Connection refused; For more details see:  http://wiki.apache.org/hadoop/ConnectionRefused
	at java.base/jdk.internal.reflect.NativeConstructorAccessorImpl.newInstance0(Native Method)
	at java.base/jdk.internal.reflect.NativeConstructorAccessorImpl.newInstance(NativeConstructorAccessorImpl.java:62)
	at java.base/jdk.internal.reflect.DelegatingConstructorAccessorImpl.newInstance(DelegatingConstructorAccessorImpl.java:45)
	at java.base/java.lang.reflect.Constructor.newInstance(Constructor.java:490)
	at org.apache.hadoop.net.NetUtils.wrapWithMessage(NetUtils.java:913)
	at org.apache.hadoop.net.NetUtils.wrapException(NetUtils.java:828)
	at org.apache.hadoop.ipc.Client.getRpcResponse(Client.java:1616)
	at org.apache.hadoop.ipc.Client.call(Client.java:1558)
	at org.apache.hadoop.ipc.Client.call(Client.java:1455)
	at org.apache.hadoop.ipc.ProtobufRpcEngine2$Invoker.invoke(ProtobufRpcEngine2.java:242)
	at org.apache.hadoop.ipc.ProtobufRpcEngine2$Invoker.invoke(ProtobufRpcEngine2.java:129)
	at com.sun.proxy.$Proxy35.getFileInfo(Unknown Source)
	at org.apache.hadoop.hdfs.protocolPB.ClientNamenodeProtocolTranslatorPB.getFileInfo(ClientNamenodeProtocolTranslatorPB.java:965)
	at java.base/jdk.internal.reflect.NativeMethodAccessorImpl.invoke0(Native Method)
	at java.base/jdk.internal.reflect.NativeMethodAccessorImpl.invoke(NativeMethodAccessorImpl.java:62)
	at java.base/jdk.internal.reflect.DelegatingMethodAccessorImpl.invoke(DelegatingMethodAccessorImpl.java:43)
	at java.base/java.lang.reflect.Method.invoke(Method.java:566)
	at org.apache.hadoop.io.retry.RetryInvocationHandler.invokeMethod(RetryInvocationHandler.java:422)
	at org.apache.hadoop.io.retry.RetryInvocationHandler$Call.invokeMethod(RetryInvocationHandler.java:165)
	at org.apache.hadoop.io.retry.RetryInvocationHandler$Call.invoke(RetryInvocationHandler.java:157)
	at org.apache.hadoop.io.retry.RetryInvocationHandler$Call.invokeOnce(RetryInvocationHandler.java:95)
	at org.apache.hadoop.io.retry.RetryInvocationHandler.invoke(RetryInvocationHandler.java:359)
	at com.sun.proxy.$Proxy36.getFileInfo(Unknown Source)
	at org.apache.hadoop.hdfs.DFSClient.getFileInfo(DFSClient.java:1739)
	at org.apache.hadoop.hdfs.DistributedFileSystem$29.doCall(DistributedFileSystem.java:1753)
	at org.apache.hadoop.hdfs.DistributedFileSystem$29.doCall(DistributedFileSystem.java:1750)
	at org.apache.hadoop.fs.FileSystemLinkResolver.resolve(FileSystemLinkResolver.java:81)
	at org.apache.hadoop.hdfs.DistributedFileSystem.getFileStatus(DistributedFileSystem.java:1765)
	at org.apache.hadoop.fs.FileSystem.exists(FileSystem.java:1760)
	at org.apache.spark.sql.execution.datasources.DataSource$.$anonfun$checkAndGlobPathIfNecessary$4(DataSource.scala:756)
	at org.apache.spark.sql.execution.datasources.DataSource$.$anonfun$checkAndGlobPathIfNecessary$4$adapted(DataSource.scala:754)
	at org.apache.spark.util.ThreadUtils$.$anonfun$parmap$2(ThreadUtils.scala:384)
	at scala.concurrent.Future$.$anonfun$apply$1(Future.scala:659)
	at scala.util.Success.$anonfun$map$1(Try.scala:255)
	at scala.util.Success.map(Try.scala:213)
	at scala.concurrent.Future.$anonfun$map$1(Future.scala:292)
	at scala.concurrent.impl.Promise.liftedTree1$1(Promise.scala:33)
	at scala.concurrent.impl.Promise.$anonfun$transform$1(Promise.scala:33)
	at scala.concurrent.impl.CallbackRunnable.run(Promise.scala:64)
	at java.base/java.util.concurrent.ForkJoinTask$RunnableExecuteAction.exec(ForkJoinTask.java:1426)
	at java.base/java.util.concurrent.ForkJoinTask.doExec(ForkJoinTask.java:290)
	at java.base/java.util.concurrent.ForkJoinPool$WorkQueue.topLevelExec(ForkJoinPool.java:1020)
	at java.base/java.util.concurrent.ForkJoinPool.scan(ForkJoinPool.java:1656)
	at java.base/java.util.concurrent.ForkJoinPool.runWorker(ForkJoinPool.java:1594)
	at java.base/java.util.concurrent.ForkJoinWorkerThread.run(ForkJoinWorkerThread.java:183)
Caused by: java.net.ConnectException: Connection refused
	at java.base/sun.nio.ch.SocketChannelImpl.checkConnect(Native Method)
	at java.base/sun.nio.ch.SocketChannelImpl.finishConnect(SocketChannelImpl.java:777)
	at org.apache.hadoop.net.SocketIOWithTimeout.connect(SocketIOWithTimeout.java:205)
	at org.apache.hadoop.net.NetUtils.connect(NetUtils.java:586)
	at org.apache.hadoop.ipc.Client$Connection.setupConnection(Client.java:711)
	at org.apache.hadoop.ipc.Client$Connection.setupIOstreams(Client.java:833)
	at org.apache.hadoop.ipc.Client$Connection.access$3800(Client.java:414)
	at org.apache.hadoop.ipc.Client.getConnection(Client.java:1677)
	at org.apache.hadoop.ipc.Client.call(Client.java:1502)
	... 37 more

2025-01-09 08:30:19,224 - INFO - Spark session stopped.
2025-01-09 12:30:08,641 - INFO - Starting Spark job for silver to gold layer aggregation.
2025-01-09 12:30:15,382 - ERROR - An error occurred: An error occurred while calling o28.parquet.
: java.net.ConnectException: Call From hadoop/127.0.1.1 to localhost:9000 failed on connection exception: java.net.ConnectException: Connection refused; For more details see:  http://wiki.apache.org/hadoop/ConnectionRefused
	at java.base/jdk.internal.reflect.NativeConstructorAccessorImpl.newInstance0(Native Method)
	at java.base/jdk.internal.reflect.NativeConstructorAccessorImpl.newInstance(NativeConstructorAccessorImpl.java:62)
	at java.base/jdk.internal.reflect.DelegatingConstructorAccessorImpl.newInstance(DelegatingConstructorAccessorImpl.java:45)
	at java.base/java.lang.reflect.Constructor.newInstance(Constructor.java:490)
	at org.apache.hadoop.net.NetUtils.wrapWithMessage(NetUtils.java:913)
	at org.apache.hadoop.net.NetUtils.wrapException(NetUtils.java:828)
	at org.apache.hadoop.ipc.Client.getRpcResponse(Client.java:1616)
	at org.apache.hadoop.ipc.Client.call(Client.java:1558)
	at org.apache.hadoop.ipc.Client.call(Client.java:1455)
	at org.apache.hadoop.ipc.ProtobufRpcEngine2$Invoker.invoke(ProtobufRpcEngine2.java:242)
	at org.apache.hadoop.ipc.ProtobufRpcEngine2$Invoker.invoke(ProtobufRpcEngine2.java:129)
	at com.sun.proxy.$Proxy35.getFileInfo(Unknown Source)
	at org.apache.hadoop.hdfs.protocolPB.ClientNamenodeProtocolTranslatorPB.getFileInfo(ClientNamenodeProtocolTranslatorPB.java:965)
	at java.base/jdk.internal.reflect.NativeMethodAccessorImpl.invoke0(Native Method)
	at java.base/jdk.internal.reflect.NativeMethodAccessorImpl.invoke(NativeMethodAccessorImpl.java:62)
	at java.base/jdk.internal.reflect.DelegatingMethodAccessorImpl.invoke(DelegatingMethodAccessorImpl.java:43)
	at java.base/java.lang.reflect.Method.invoke(Method.java:566)
	at org.apache.hadoop.io.retry.RetryInvocationHandler.invokeMethod(RetryInvocationHandler.java:422)
	at org.apache.hadoop.io.retry.RetryInvocationHandler$Call.invokeMethod(RetryInvocationHandler.java:165)
	at org.apache.hadoop.io.retry.RetryInvocationHandler$Call.invoke(RetryInvocationHandler.java:157)
	at org.apache.hadoop.io.retry.RetryInvocationHandler$Call.invokeOnce(RetryInvocationHandler.java:95)
	at org.apache.hadoop.io.retry.RetryInvocationHandler.invoke(RetryInvocationHandler.java:359)
	at com.sun.proxy.$Proxy36.getFileInfo(Unknown Source)
	at org.apache.hadoop.hdfs.DFSClient.getFileInfo(DFSClient.java:1739)
	at org.apache.hadoop.hdfs.DistributedFileSystem$29.doCall(DistributedFileSystem.java:1753)
	at org.apache.hadoop.hdfs.DistributedFileSystem$29.doCall(DistributedFileSystem.java:1750)
	at org.apache.hadoop.fs.FileSystemLinkResolver.resolve(FileSystemLinkResolver.java:81)
	at org.apache.hadoop.hdfs.DistributedFileSystem.getFileStatus(DistributedFileSystem.java:1765)
	at org.apache.hadoop.fs.FileSystem.exists(FileSystem.java:1760)
	at org.apache.spark.sql.execution.datasources.DataSource$.$anonfun$checkAndGlobPathIfNecessary$4(DataSource.scala:756)
	at org.apache.spark.sql.execution.datasources.DataSource$.$anonfun$checkAndGlobPathIfNecessary$4$adapted(DataSource.scala:754)
	at org.apache.spark.util.ThreadUtils$.$anonfun$parmap$2(ThreadUtils.scala:384)
	at scala.concurrent.Future$.$anonfun$apply$1(Future.scala:659)
	at scala.util.Success.$anonfun$map$1(Try.scala:255)
	at scala.util.Success.map(Try.scala:213)
	at scala.concurrent.Future.$anonfun$map$1(Future.scala:292)
	at scala.concurrent.impl.Promise.liftedTree1$1(Promise.scala:33)
	at scala.concurrent.impl.Promise.$anonfun$transform$1(Promise.scala:33)
	at scala.concurrent.impl.CallbackRunnable.run(Promise.scala:64)
	at java.base/java.util.concurrent.ForkJoinTask$RunnableExecuteAction.exec(ForkJoinTask.java:1426)
	at java.base/java.util.concurrent.ForkJoinTask.doExec(ForkJoinTask.java:290)
	at java.base/java.util.concurrent.ForkJoinPool$WorkQueue.topLevelExec(ForkJoinPool.java:1020)
	at java.base/java.util.concurrent.ForkJoinPool.scan(ForkJoinPool.java:1656)
	at java.base/java.util.concurrent.ForkJoinPool.runWorker(ForkJoinPool.java:1594)
	at java.base/java.util.concurrent.ForkJoinWorkerThread.run(ForkJoinWorkerThread.java:183)
Caused by: java.net.ConnectException: Connection refused
	at java.base/sun.nio.ch.SocketChannelImpl.checkConnect(Native Method)
	at java.base/sun.nio.ch.SocketChannelImpl.finishConnect(SocketChannelImpl.java:777)
	at org.apache.hadoop.net.SocketIOWithTimeout.connect(SocketIOWithTimeout.java:205)
	at org.apache.hadoop.net.NetUtils.connect(NetUtils.java:586)
	at org.apache.hadoop.ipc.Client$Connection.setupConnection(Client.java:711)
	at org.apache.hadoop.ipc.Client$Connection.setupIOstreams(Client.java:833)
	at org.apache.hadoop.ipc.Client$Connection.access$3800(Client.java:414)
	at org.apache.hadoop.ipc.Client.getConnection(Client.java:1677)
	at org.apache.hadoop.ipc.Client.call(Client.java:1502)
	... 37 more

2025-01-09 12:30:16,845 - INFO - Spark session stopped.
