2025-01-03 20:06:07,107 - INFO - Starting Spark job
2025-01-03 20:06:09,661 - INFO - Spark session initialized
2025-01-03 20:06:09,661 - INFO - Reading Bronze data
2025-01-03 20:06:16,510 - INFO - Processing News data
2025-01-03 20:06:16,937 - INFO - Saving processed News data to Silver layer
2025-01-03 20:06:48,842 - INFO - Processing YFinance data
2025-01-03 20:06:49,091 - INFO - Saving processed YFinance data to Silver layer
2025-01-03 20:11:54,348 - INFO - Spark job completed successfully
2025-01-03 20:14:41,579 - INFO - Starting Spark job
2025-01-03 20:14:43,916 - INFO - Spark session initialized
2025-01-03 20:14:43,916 - INFO - Reading Bronze data
2025-01-03 20:14:49,469 - INFO - Processing News data
2025-01-03 20:14:49,626 - INFO - Saving processed News data to Silver layer
2025-01-03 20:15:33,359 - INFO - Processing YFinance data
2025-01-03 20:15:33,603 - INFO - Saving processed YFinance data to Silver layer
2025-01-03 20:21:48,962 - INFO - Spark job completed successfully
2025-01-03 20:23:27,076 - INFO - Starting Spark job
2025-01-03 20:23:29,227 - INFO - Spark session initialized
2025-01-03 20:23:29,227 - INFO - Reading Bronze data
2025-01-03 20:23:35,203 - INFO - Processing News data
2025-01-03 20:23:35,418 - INFO - Saving processed News data to Silver layer
2025-01-03 20:24:20,129 - INFO - Processing YFinance data
2025-01-03 20:24:20,422 - INFO - Saving processed YFinance data to Silver layer
2025-01-03 20:30:35,655 - INFO - Spark job completed successfully
2025-01-03 21:15:50,477 - INFO - Starting Spark job
2025-01-03 21:15:54,915 - INFO - Spark session initialized
2025-01-03 21:15:54,915 - INFO - Reading Bronze data
2025-01-03 21:16:03,172 - INFO - Processing News data
2025-01-03 21:16:03,406 - INFO - Saving processed News data to Silver layer
2025-01-03 21:17:15,444 - INFO - Processing YFinance data
2025-01-03 21:17:15,853 - INFO - Saving processed YFinance data to Silver layer
2025-01-03 21:30:45,260 - INFO - Spark job completed successfully
2025-01-03 21:37:40,054 - INFO - Starting Spark job
2025-01-03 21:37:43,064 - INFO - Spark session initialized
2025-01-03 21:37:43,065 - INFO - Reading Bronze data
2025-01-03 21:37:49,605 - INFO - Processing News data
2025-01-03 21:37:49,876 - INFO - Saving processed News data to Silver layer
2025-01-03 21:38:47,893 - INFO - Processing YFinance data
2025-01-03 21:38:48,552 - INFO - Saving processed YFinance data to Silver layer
2025-01-03 21:47:23,357 - INFO - Spark job completed successfully
2025-01-03 22:33:00,339 - INFO - Starting Spark job
2025-01-03 22:33:02,596 - INFO - Spark session initialized
2025-01-03 22:33:02,596 - INFO - Reading Bronze data
2025-01-03 22:33:08,189 - INFO - Processing News data
2025-01-03 22:33:08,384 - INFO - Saving processed News data to Silver layer
